<?xml version="1.0" encoding="UTF-8"?>
<testng-results ignored="0" total="1" passed="1" failed="0" skipped="0">
  <reporter-output>
  </reporter-output>
  <suite started-at="2022-08-23T20:48:21 IST" name="Default suite" finished-at="2022-08-23T20:49:34 IST" duration-ms="72294">
    <groups>
    </groups>
    <test started-at="2022-08-23T20:48:21 IST" name="Default test" finished-at="2022-08-23T20:49:34 IST" duration-ms="72294">
      <class name="com.technocredits.orghrm.testscripts.QualificationsTest">
        <test-method is-config="true" signature="setup()[pri:0, instance:com.technocredits.orghrm.testscripts.QualificationsTest@d29f28]" started-at="2022-08-23T20:48:21 IST" name="setup" finished-at="2022-08-23T20:49:14 IST" duration-ms="52565" status="PASS">
          <reporter-output>
          </reporter-output>
        </test-method> <!-- setup -->
        <test-method signature="tc6()[pri:0, instance:com.technocredits.orghrm.testscripts.QualificationsTest@d29f28]" started-at="2022-08-23T20:49:14 IST" name="tc6" finished-at="2022-08-23T20:49:33 IST" duration-ms="19410" status="PASS">
          <reporter-output>
          </reporter-output>
        </test-method> <!-- tc6 -->
        <test-method is-config="true" signature="closeDriver()[pri:0, instance:com.technocredits.orghrm.testscripts.QualificationsTest@d29f28]" started-at="2022-08-23T20:49:33 IST" name="closeDriver" finished-at="2022-08-23T20:49:34 IST" duration-ms="248" status="PASS">
          <reporter-output>
          </reporter-output>
        </test-method> <!-- closeDriver -->
      </class> <!-- com.technocredits.orghrm.testscripts.QualificationsTest -->
    </test> <!-- Default test -->
  </suite> <!-- Default suite -->
</testng-results>
